<?xml version="1.0" encoding="UTF-8"?>
<coverage generated="1763691687867" clover="3.2.0">
  <project timestamp="1763691687867" name="All files">
    <metrics statements="13" coveredstatements="13" conditionals="5" coveredconditionals="3" methods="8" coveredmethods="7" elements="26" coveredelements="23" complexity="0" loc="13" ncloc="13" packages="1" files="2" classes="2"/>
    <file name="logic.ts" path="C:\Users\dsalt\OneDrive\Documentos\init\src\logic.ts">
      <metrics statements="7" coveredstatements="7" conditionals="1" coveredconditionals="0" methods="4" coveredmethods="4"/>
      <line num="2" count="1" type="stmt"/>
      <line num="4" count="3" type="stmt"/>
      <line num="8" count="1" type="stmt"/>
      <line num="10" count="1" type="cond" truecount="0" falsecount="1"/>
      <line num="12" count="1" type="stmt"/>
      <line num="16" count="1" type="stmt"/>
      <line num="18" count="1" type="stmt"/>
    </file>
    <file name="validator.ts" path="C:\Users\dsalt\OneDrive\Documentos\init\src\validator.ts">
      <metrics statements="6" coveredstatements="6" conditionals="4" coveredconditionals="3" methods="4" coveredmethods="3"/>
      <line num="2" count="1" type="stmt"/>
      <line num="3" count="1" type="stmt"/>
      <line num="6" count="1" type="stmt"/>
      <line num="7" count="1" type="cond" truecount="2" falsecount="0"/>
      <line num="10" count="1" type="stmt"/>
      <line num="11" count="3" type="cond" truecount="1" falsecount="1"/>
    </file>
  </project>
</coverage>
