TN:
SF:src\logic.ts
FN:2,SumArray
FN:4,(anonymous_1)
FN:8,Average
FN:16,MaxNumber
FNF:4
FNH:4
FNDA:2,SumArray
FNDA:3,(anonymous_1)
FNDA:1,Average
FNDA:1,MaxNumber
DA:2,1
DA:4,3
DA:8,1
DA:10,1
DA:12,1
DA:16,1
DA:18,1
LF:7
LH:7
BRDA:10,0,0,0
BRF:1
BRH:0
end_of_record
TN:
SF:src\validator.ts
FN:2,IsInteger
FN:6,isPositive
FN:10,isArrayOfNumbers
FN:11,(anonymous_3)
FNF:4
FNH:3
FNDA:1,IsInteger
FNDA:1,isPositive
FNDA:3,isArrayOfNumbers
FNDA:0,(anonymous_3)
DA:2,1
DA:3,1
DA:6,1
DA:7,1
DA:10,1
DA:11,3
LF:6
LH:6
BRDA:7,0,0,1
BRDA:7,0,1,1
BRDA:11,1,0,3
BRDA:11,1,1,0
BRF:4
BRH:3
end_of_record
